------------------------------------------------------------------------------------------------------------------------

[2019-03-31 17:42:36 #1 store] 
Database 'C:\Users\farc\Documents\NetBeansProjects\ServidorWebServices\paises.odb' is opened by 8244@DESKTOP-JRF3CHF

[2019-03-31 17:42:36 #2 store] 
Configuration path: ?

[2019-03-31 17:42:36 #3 type] 
Type modelos.Moneda is not enhanced.

[2019-03-31 17:42:36 #4 type] 
Type modelos.Zona is not enhanced.

[2019-03-31 17:42:36 #5 type] 
Type modelos.Pais is not enhanced.

[2019-03-31 17:42:36 #6 store] 
Database 'C:\Users\farc\Documents\NetBeansProjects\ServidorWebServices\paises.odb' is closed by 8244@DESKTOP-JRF3CHF

------------------------------------------------------------------------------------------------------------------------

[2019-03-31 17:42:56 #1 store] 
Database 'C:\Users\farc\Documents\NetBeansProjects\ServidorWebServices\paises.odb' is opened by 6732@DESKTOP-JRF3CHF

[2019-03-31 17:42:56 #2 store] 
Configuration path: ?

[2019-03-31 17:42:56 #3 type] 
Type modelos.Moneda is not enhanced.

[2019-03-31 17:42:56 #4 type] 
Type modelos.Zona is not enhanced.

[2019-03-31 17:42:56 #5 type] 
Type modelos.Pais is not enhanced.

[2019-03-31 17:42:56 #6 store] 
Database 'C:\Users\farc\Documents\NetBeansProjects\ServidorWebServices\paises.odb' is closed by 6732@DESKTOP-JRF3CHF

[2019-03-31 18:12:52 #7 store] 
Database 'C:\Users\farc\Documents\NetBeansProjects\ServidorWebServices\paises.odb' is opened by 6732@DESKTOP-JRF3CHF

[2019-03-31 18:12:52 #8 store] 
Configuration path: ?

[2019-03-31 18:12:52 #9 store] 
Database 'C:\Users\farc\Documents\NetBeansProjects\ServidorWebServices\paises.odb' is closed by 6732@DESKTOP-JRF3CHF

[2019-03-31 18:15:21 #10 store] 
Database 'C:\Users\farc\Documents\NetBeansProjects\ServidorWebServices\paises.odb' is opened by 6732@DESKTOP-JRF3CHF

[2019-03-31 18:15:21 #11 store] 
Configuration path: ?

[2019-03-31 18:15:21 #12 store] 
Database 'C:\Users\farc\Documents\NetBeansProjects\ServidorWebServices\paises.odb' is closed by 6732@DESKTOP-JRF3CHF

[2019-03-31 18:19:10 #13 store] 
Database 'C:\Users\farc\Documents\NetBeansProjects\ServidorWebServices\paises.odb' is opened by 6732@DESKTOP-JRF3CHF

[2019-03-31 18:19:10 #14 store] 
Configuration path: ?

[2019-03-31 18:19:11 #15 store] 
Database 'C:\Users\farc\Documents\NetBeansProjects\ServidorWebServices\paises.odb' is closed by 6732@DESKTOP-JRF3CHF

[2019-03-31 18:19:13 #16 store] 
Database 'C:\Users\farc\Documents\NetBeansProjects\ServidorWebServices\paises.odb' is opened by 6732@DESKTOP-JRF3CHF

[2019-03-31 18:19:13 #17 store] 
Configuration path: ?

[2019-03-31 18:19:13 #18 store] 
Database 'C:\Users\farc\Documents\NetBeansProjects\ServidorWebServices\paises.odb' is closed by 6732@DESKTOP-JRF3CHF

[2019-03-31 18:27:19 #19 store] 
Database 'C:\Users\farc\Documents\NetBeansProjects\ServidorWebServices\paises.odb' is opened by 6732@DESKTOP-JRF3CHF

[2019-03-31 18:27:19 #20 store] 
Configuration path: ?

[2019-03-31 18:27:19 #21 store] 
Database 'C:\Users\farc\Documents\NetBeansProjects\ServidorWebServices\paises.odb' is closed by 6732@DESKTOP-JRF3CHF

[2019-03-31 18:27:20 #22 store] 
Database 'C:\Users\farc\Documents\NetBeansProjects\ServidorWebServices\paises.odb' is opened by 6732@DESKTOP-JRF3CHF

[2019-03-31 18:27:20 #23 store] 
Configuration path: ?

[2019-03-31 18:27:20 #24 store] 
Database 'C:\Users\farc\Documents\NetBeansProjects\ServidorWebServices\paises.odb' is closed by 6732@DESKTOP-JRF3CHF

[2019-03-31 18:27:23 #25 store] 
Database 'C:\Users\farc\Documents\NetBeansProjects\ServidorWebServices\paises.odb' is opened by 6732@DESKTOP-JRF3CHF

[2019-03-31 18:27:23 #26 store] 
Configuration path: ?

[2019-03-31 18:27:23 #27 store] 
Database 'C:\Users\farc\Documents\NetBeansProjects\ServidorWebServices\paises.odb' is closed by 6732@DESKTOP-JRF3CHF

[2019-03-31 18:27:49 #28 store] 
Database 'C:\Users\farc\Documents\NetBeansProjects\ServidorWebServices\paises.odb' is opened by 6732@DESKTOP-JRF3CHF

[2019-03-31 18:27:49 #29 store] 
Configuration path: ?

[2019-03-31 18:27:49 #30 store] 
Database 'C:\Users\farc\Documents\NetBeansProjects\ServidorWebServices\paises.odb' is closed by 6732@DESKTOP-JRF3CHF

------------------------------------------------------------------------------------------------------------------------

[2019-03-31 18:29:43 #1 store] 
Database 'C:\Users\farc\Documents\NetBeansProjects\ServidorWebServices\paises.odb' is opened by 6224@DESKTOP-JRF3CHF

[2019-03-31 18:29:43 #2 store] 
Configuration path: ?

[2019-03-31 18:29:43 #3 type.registry] 
New type modelos.Moneda

[2019-03-31 18:29:43 #4 type] 
Type modelos.Moneda is not enhanced.

[2019-03-31 18:29:43 #5 type.registry] 
New type modelos.Zona

[2019-03-31 18:29:43 #6 type] 
Type modelos.Zona is not enhanced.

[2019-03-31 18:29:43 #7 type.registry] 
New type modelos.Pais

[2019-03-31 18:29:43 #8 type] 
Type modelos.Pais is not enhanced.

[2019-03-31 18:29:43 #9 store] 
Database 'C:\Users\farc\Documents\NetBeansProjects\ServidorWebServices\paises.odb' is closed by 6224@DESKTOP-JRF3CHF

------------------------------------------------------------------------------------------------------------------------

[2019-03-31 18:34:05 #1 store] 
Database 'C:\Users\farc\Documents\NetBeansProjects\ServidorWebServices\paises.odb' is opened by 2008@DESKTOP-JRF3CHF

[2019-03-31 18:34:05 #2 store] 
Configuration path: ?

[2019-03-31 18:34:05 #3 type.registry] 
New type modelos.Moneda

[2019-03-31 18:34:05 #4 type] 
Type modelos.Moneda is not enhanced.

[2019-03-31 18:34:05 #5 type.registry] 
New type modelos.Zona

[2019-03-31 18:34:05 #6 type] 
Type modelos.Zona is not enhanced.

[2019-03-31 18:34:05 #7 type.registry] 
New type modelos.Pais

[2019-03-31 18:34:05 #8 type] 
Type modelos.Pais is not enhanced.

[2019-03-31 18:34:05 #9 store] 
Database 'C:\Users\farc\Documents\NetBeansProjects\ServidorWebServices\paises.odb' is closed by 2008@DESKTOP-JRF3CHF

[2019-03-31 18:34:19 #10 store] 
Database 'C:\Users\farc\Documents\NetBeansProjects\ServidorWebServices\paises.odb' is opened by 2008@DESKTOP-JRF3CHF

[2019-03-31 18:34:19 #11 store] 
Configuration path: ?

[2019-03-31 18:34:19 #12 store] 
Database 'C:\Users\farc\Documents\NetBeansProjects\ServidorWebServices\paises.odb' is closed by 2008@DESKTOP-JRF3CHF

[2019-03-31 18:34:52 #13 store] 
Database 'C:\Users\farc\Documents\NetBeansProjects\ServidorWebServices\paises.odb' is opened by 2008@DESKTOP-JRF3CHF

[2019-03-31 18:34:52 #14 store] 
Configuration path: ?

[2019-03-31 18:34:52 #15 store] 
Database 'C:\Users\farc\Documents\NetBeansProjects\ServidorWebServices\paises.odb' is closed by 2008@DESKTOP-JRF3CHF

[2019-03-31 18:48:28 #16 store] 
Database 'C:\Users\farc\Documents\NetBeansProjects\ServidorWebServices\paises.odb' is opened by 2008@DESKTOP-JRF3CHF

[2019-03-31 18:48:28 #17 store] 
Configuration path: ?

[2019-03-31 18:48:28 #18 store] 
Database 'C:\Users\farc\Documents\NetBeansProjects\ServidorWebServices\paises.odb' is closed by 2008@DESKTOP-JRF3CHF

[2019-03-31 18:48:37 #19 store] 
Database 'C:\Users\farc\Documents\NetBeansProjects\ServidorWebServices\paises.odb' is opened by 2008@DESKTOP-JRF3CHF

[2019-03-31 18:48:37 #20 store] 
Configuration path: ?

[2019-03-31 18:48:37 #21 store] 
Database 'C:\Users\farc\Documents\NetBeansProjects\ServidorWebServices\paises.odb' is closed by 2008@DESKTOP-JRF3CHF

[2019-03-31 18:49:30 #22 store] 
Database 'C:\Users\farc\Documents\NetBeansProjects\ServidorWebServices\paises.odb' is opened by 2008@DESKTOP-JRF3CHF

[2019-03-31 18:49:30 #23 store] 
Configuration path: ?

[2019-03-31 18:49:30 #24 store] 
Database 'C:\Users\farc\Documents\NetBeansProjects\ServidorWebServices\paises.odb' is closed by 2008@DESKTOP-JRF3CHF

[2019-03-31 18:49:34 #25 store] 
Database 'C:\Users\farc\Documents\NetBeansProjects\ServidorWebServices\paises.odb' is opened by 2008@DESKTOP-JRF3CHF

[2019-03-31 18:49:34 #26 store] 
Configuration path: ?

[2019-03-31 18:49:34 #27 store] 
Database 'C:\Users\farc\Documents\NetBeansProjects\ServidorWebServices\paises.odb' is closed by 2008@DESKTOP-JRF3CHF

[2019-03-31 18:50:57 #28 store] 
Database 'C:\Users\farc\Documents\NetBeansProjects\ServidorWebServices\paises.odb' is opened by 2008@DESKTOP-JRF3CHF

[2019-03-31 18:50:57 #29 store] 
Configuration path: ?

[2019-03-31 18:50:57 #30 store] 
Database 'C:\Users\farc\Documents\NetBeansProjects\ServidorWebServices\paises.odb' is closed by 2008@DESKTOP-JRF3CHF

[2019-03-31 18:51:42 #31 store] 
Database 'C:\Users\farc\Documents\NetBeansProjects\ServidorWebServices\paises.odb' is opened by 2008@DESKTOP-JRF3CHF

[2019-03-31 18:51:42 #32 store] 
Configuration path: ?

[2019-03-31 18:51:42 #33 store] 
Database 'C:\Users\farc\Documents\NetBeansProjects\ServidorWebServices\paises.odb' is closed by 2008@DESKTOP-JRF3CHF

[2019-03-31 18:51:51 #34 store] 
Database 'C:\Users\farc\Documents\NetBeansProjects\ServidorWebServices\paises.odb' is opened by 2008@DESKTOP-JRF3CHF

[2019-03-31 18:51:51 #35 store] 
Configuration path: ?

[2019-03-31 18:51:51 #36 store] 
Database 'C:\Users\farc\Documents\NetBeansProjects\ServidorWebServices\paises.odb' is closed by 2008@DESKTOP-JRF3CHF

[2019-03-31 19:00:01 #37 store] 
Database 'C:\Users\farc\Documents\NetBeansProjects\ServidorWebServices\paises.odb' is opened by 2008@DESKTOP-JRF3CHF

[2019-03-31 19:00:01 #38 store] 
Configuration path: ?

[2019-03-31 19:00:01 #39 store] 
Database 'C:\Users\farc\Documents\NetBeansProjects\ServidorWebServices\paises.odb' is closed by 2008@DESKTOP-JRF3CHF

[2019-03-31 19:01:20 #40 store] 
Database 'C:\Users\farc\Documents\NetBeansProjects\ServidorWebServices\paises.odb' is opened by 2008@DESKTOP-JRF3CHF

[2019-03-31 19:01:20 #41 store] 
Configuration path: ?

------------------------------------------------------------------------------------------------------------------------

[2019-03-31 19:11:10 #1 store] 
Database 'C:\Users\farc\Documents\NetBeansProjects\ServidorWebServices\paises.odb' is opened by 6388@DESKTOP-JRF3CHF

[2019-03-31 19:11:10 #2 store] 
Configuration path: ?

[2019-03-31 19:11:10 #3 type] 
Type modelos.Moneda is not enhanced.

[2019-03-31 19:11:10 #4 type] 
Type modelos.Zona is not enhanced.

[2019-03-31 19:11:10 #5 type] 
Type modelos.Pais is not enhanced.

[2019-03-31 19:11:10 #6 store] 
Database 'C:\Users\farc\Documents\NetBeansProjects\ServidorWebServices\paises.odb' is closed by 6388@DESKTOP-JRF3CHF

------------------------------------------------------------------------------------------------------------------------

[2019-03-31 19:11:19 #1 store] 
Database 'C:\Users\farc\Documents\NetBeansProjects\ServidorWebServices\paises.odb' is opened by 11252@DESKTOP-JRF3CHF

[2019-03-31 19:11:19 #2 store] 
Configuration path: ?

[2019-03-31 19:11:19 #3 type] 
Type modelos.Moneda is not enhanced.

[2019-03-31 19:11:19 #4 type] 
Type modelos.Zona is not enhanced.

[2019-03-31 19:11:19 #5 type] 
Type modelos.Pais is not enhanced.

[2019-03-31 19:11:19 #6 store] 
Database 'C:\Users\farc\Documents\NetBeansProjects\ServidorWebServices\paises.odb' is closed by 11252@DESKTOP-JRF3CHF

------------------------------------------------------------------------------------------------------------------------

[2019-03-31 19:11:45 #1 store] 
Database 'C:\Users\farc\Documents\NetBeansProjects\ServidorWebServices\paises.odb' is opened by 8296@DESKTOP-JRF3CHF

[2019-03-31 19:11:45 #2 store] 
Configuration path: ?

[2019-03-31 19:11:45 #3 type] 
Type modelos.Moneda is not enhanced.

[2019-03-31 19:11:45 #4 type] 
Type modelos.Zona is not enhanced.

[2019-03-31 19:11:45 #5 type] 
Type modelos.Pais is not enhanced.

[2019-03-31 19:11:45 #6 store] 
Database 'C:\Users\farc\Documents\NetBeansProjects\ServidorWebServices\paises.odb' is closed by 8296@DESKTOP-JRF3CHF

------------------------------------------------------------------------------------------------------------------------

[2019-03-31 19:13:53 #1 store] 
Database 'C:\Users\farc\Documents\NetBeansProjects\ServidorWebServices\paises.odb' is opened by 11072@DESKTOP-JRF3CHF

[2019-03-31 19:13:53 #2 store] 
Configuration path: ?

[2019-03-31 19:13:53 #3 type] 
Type modelos.Moneda is not enhanced.

[2019-03-31 19:13:53 #4 type] 
Type modelos.Zona is not enhanced.

[2019-03-31 19:13:53 #5 type] 
Type modelos.Pais is not enhanced.

[2019-03-31 19:13:53 #6 store] 
Database 'C:\Users\farc\Documents\NetBeansProjects\ServidorWebServices\paises.odb' is closed by 11072@DESKTOP-JRF3CHF

------------------------------------------------------------------------------------------------------------------------

[2019-03-31 19:24:54 #1 store] 
Database 'C:\Users\farc\Documents\NetBeansProjects\ServidorWebServices\paises.odb' is opened by 5620@DESKTOP-JRF3CHF

[2019-03-31 19:24:54 #2 store] 
Configuration path: ?

[2019-03-31 19:24:54 #3 type] 
Type modelos.Moneda is not enhanced.

[2019-03-31 19:24:54 #4 type] 
Type modelos.Zona is not enhanced.

[2019-03-31 19:24:54 #5 type] 
Type modelos.Pais is not enhanced.

[2019-03-31 19:24:54 #6 store] 
Database 'C:\Users\farc\Documents\NetBeansProjects\ServidorWebServices\paises.odb' is closed by 5620@DESKTOP-JRF3CHF

[2019-03-31 19:27:14 #7 store] 
Database 'C:\Users\farc\Documents\NetBeansProjects\ServidorWebServices\paises.odb' is opened by 5620@DESKTOP-JRF3CHF

[2019-03-31 19:27:14 #8 store] 
Configuration path: ?

[2019-03-31 19:27:14 #9 store] 
Database 'C:\Users\farc\Documents\NetBeansProjects\ServidorWebServices\paises.odb' is closed by 5620@DESKTOP-JRF3CHF

[2019-03-31 19:27:22 #10 store] 
Database 'C:\Users\farc\Documents\NetBeansProjects\ServidorWebServices\paises.odb' is opened by 5620@DESKTOP-JRF3CHF

[2019-03-31 19:27:22 #11 store] 
Configuration path: ?

[2019-03-31 19:27:22 #12 store] 
Database 'C:\Users\farc\Documents\NetBeansProjects\ServidorWebServices\paises.odb' is closed by 5620@DESKTOP-JRF3CHF

------------------------------------------------------------------------------------------------------------------------

[2019-03-31 19:48:54 #1 store] 
Database 'C:\Users\farc\Documents\NetBeansProjects\ServidorWebServices\paises.odb' is opened by 3880@DESKTOP-JRF3CHF

[2019-03-31 19:48:54 #2 store] 
Configuration path: ?

[2019-03-31 19:48:54 #3 type] 
Type modelos.Moneda is not enhanced.

[2019-03-31 19:48:54 #4 type] 
Type modelos.Zona is not enhanced.

[2019-03-31 19:48:54 #5 type] 
Type modelos.Pais is not enhanced.

[2019-03-31 19:48:54 #6 store] 
Database 'C:\Users\farc\Documents\NetBeansProjects\ServidorWebServices\paises.odb' is closed by 3880@DESKTOP-JRF3CHF

[2019-03-31 19:53:40 #7 store] 
Database 'C:\Users\farc\Documents\NetBeansProjects\ServidorWebServices\paises.odb' is opened by 3880@DESKTOP-JRF3CHF

[2019-03-31 19:53:40 #8 store] 
Configuration path: ?

[2019-03-31 19:53:40 #9 store] 
Database 'C:\Users\farc\Documents\NetBeansProjects\ServidorWebServices\paises.odb' is closed by 3880@DESKTOP-JRF3CHF

[2019-03-31 19:53:51 #10 store] 
Database 'C:\Users\farc\Documents\NetBeansProjects\ServidorWebServices\paises.odb' is opened by 3880@DESKTOP-JRF3CHF

[2019-03-31 19:53:51 #11 store] 
Configuration path: ?

[2019-03-31 19:53:51 #12 store] 
Database 'C:\Users\farc\Documents\NetBeansProjects\ServidorWebServices\paises.odb' is closed by 3880@DESKTOP-JRF3CHF

[2019-03-31 19:53:51 #13 store] 
Database 'C:\Users\farc\Documents\NetBeansProjects\ServidorWebServices\paises.odb' is opened by 3880@DESKTOP-JRF3CHF

[2019-03-31 19:53:51 #14 store] 
Configuration path: ?

------------------------------------------------------------------------------------------------------------------------

[2019-03-31 19:59:48 #1 store] 
Database 'C:\Users\farc\Documents\NetBeansProjects\ServidorWebServices\paises.odb' is opened by 6488@DESKTOP-JRF3CHF

[2019-03-31 19:59:48 #2 store] 
Configuration path: ?

[2019-03-31 19:59:49 #3 type] 
Type modelos.Moneda is not enhanced.

[2019-03-31 19:59:49 #4 type] 
Type modelos.Zona is not enhanced.

[2019-03-31 19:59:49 #5 type] 
Type modelos.Pais is not enhanced.

[2019-03-31 19:59:49 #6 store] 
Database 'C:\Users\farc\Documents\NetBeansProjects\ServidorWebServices\paises.odb' is closed by 6488@DESKTOP-JRF3CHF

[2019-03-31 20:00:54 #7 store] 
Database 'C:\Users\farc\Documents\NetBeansProjects\ServidorWebServices\paises.odb' is opened by 6488@DESKTOP-JRF3CHF

[2019-03-31 20:00:54 #8 store] 
Configuration path: ?

[2019-03-31 20:00:54 #9 store] 
Database 'C:\Users\farc\Documents\NetBeansProjects\ServidorWebServices\paises.odb' is closed by 6488@DESKTOP-JRF3CHF

[2019-03-31 20:00:54 #10 store] 
Database 'C:\Users\farc\Documents\NetBeansProjects\ServidorWebServices\paises.odb' is opened by 6488@DESKTOP-JRF3CHF

[2019-03-31 20:00:54 #11 store] 
Configuration path: ?

[2019-03-31 20:00:54 #12 store] 
Database 'C:\Users\farc\Documents\NetBeansProjects\ServidorWebServices\paises.odb' is closed by 6488@DESKTOP-JRF3CHF

[2019-03-31 20:00:54 #13 store] 
Database 'C:\Users\farc\Documents\NetBeansProjects\ServidorWebServices\paises.odb' is opened by 6488@DESKTOP-JRF3CHF

[2019-03-31 20:00:54 #14 store] 
Configuration path: ?

[2019-03-31 20:00:54 #15 store] 
Database 'C:\Users\farc\Documents\NetBeansProjects\ServidorWebServices\paises.odb' is closed by 6488@DESKTOP-JRF3CHF

[2019-03-31 20:06:52 #16 store] 
Database 'C:\Users\farc\Documents\NetBeansProjects\ServidorWebServices\paises.odb' is opened by 6488@DESKTOP-JRF3CHF

[2019-03-31 20:06:52 #17 store] 
Configuration path: ?

[2019-03-31 20:06:52 #18 store] 
Database 'C:\Users\farc\Documents\NetBeansProjects\ServidorWebServices\paises.odb' is closed by 6488@DESKTOP-JRF3CHF

[2019-03-31 20:06:52 #19 store] 
Database 'C:\Users\farc\Documents\NetBeansProjects\ServidorWebServices\paises.odb' is opened by 6488@DESKTOP-JRF3CHF

[2019-03-31 20:06:52 #20 store] 
Configuration path: ?

[2019-03-31 20:06:52 #21 store] 
Database 'C:\Users\farc\Documents\NetBeansProjects\ServidorWebServices\paises.odb' is closed by 6488@DESKTOP-JRF3CHF

[2019-03-31 20:06:52 #22 store] 
Database 'C:\Users\farc\Documents\NetBeansProjects\ServidorWebServices\paises.odb' is opened by 6488@DESKTOP-JRF3CHF

[2019-03-31 20:06:52 #23 store] 
Configuration path: ?

[2019-03-31 20:06:52 #24 store] 
Database 'C:\Users\farc\Documents\NetBeansProjects\ServidorWebServices\paises.odb' is closed by 6488@DESKTOP-JRF3CHF

[2019-03-31 20:08:54 #25 store] 
Database 'C:\Users\farc\Documents\NetBeansProjects\ServidorWebServices\paises.odb' is opened by 6488@DESKTOP-JRF3CHF

[2019-03-31 20:08:54 #26 store] 
Configuration path: ?

[2019-03-31 20:08:54 #27 store] 
Database 'C:\Users\farc\Documents\NetBeansProjects\ServidorWebServices\paises.odb' is closed by 6488@DESKTOP-JRF3CHF

[2019-03-31 20:09:01 #28 store] 
Database 'C:\Users\farc\Documents\NetBeansProjects\ServidorWebServices\paises.odb' is opened by 6488@DESKTOP-JRF3CHF

[2019-03-31 20:09:01 #29 store] 
Configuration path: ?

[2019-03-31 20:09:01 #30 store] 
Database 'C:\Users\farc\Documents\NetBeansProjects\ServidorWebServices\paises.odb' is closed by 6488@DESKTOP-JRF3CHF

[2019-03-31 20:09:05 #31 store] 
Database 'C:\Users\farc\Documents\NetBeansProjects\ServidorWebServices\paises.odb' is opened by 6488@DESKTOP-JRF3CHF

[2019-03-31 20:09:05 #32 store] 
Configuration path: ?

[2019-03-31 20:09:05 #33 store] 
Database 'C:\Users\farc\Documents\NetBeansProjects\ServidorWebServices\paises.odb' is closed by 6488@DESKTOP-JRF3CHF

[2019-03-31 20:09:33 #34 store] 
Database 'C:\Users\farc\Documents\NetBeansProjects\ServidorWebServices\paises.odb' is opened by 6488@DESKTOP-JRF3CHF

[2019-03-31 20:09:33 #35 store] 
Configuration path: ?

[2019-03-31 20:09:33 #36 store] 
Database 'C:\Users\farc\Documents\NetBeansProjects\ServidorWebServices\paises.odb' is closed by 6488@DESKTOP-JRF3CHF

[2019-03-31 20:09:49 #37 store] 
Database 'C:\Users\farc\Documents\NetBeansProjects\ServidorWebServices\paises.odb' is opened by 6488@DESKTOP-JRF3CHF

[2019-03-31 20:09:49 #38 store] 
Configuration path: ?

[2019-03-31 20:09:49 #39 store] 
Database 'C:\Users\farc\Documents\NetBeansProjects\ServidorWebServices\paises.odb' is closed by 6488@DESKTOP-JRF3CHF

[2019-03-31 20:09:49 #40 store] 
Database 'C:\Users\farc\Documents\NetBeansProjects\ServidorWebServices\paises.odb' is opened by 6488@DESKTOP-JRF3CHF

[2019-03-31 20:09:49 #41 store] 
Configuration path: ?

[2019-03-31 20:09:49 #42 store] 
Database 'C:\Users\farc\Documents\NetBeansProjects\ServidorWebServices\paises.odb' is closed by 6488@DESKTOP-JRF3CHF

[2019-03-31 20:09:49 #43 store] 
Database 'C:\Users\farc\Documents\NetBeansProjects\ServidorWebServices\paises.odb' is opened by 6488@DESKTOP-JRF3CHF

[2019-03-31 20:09:49 #44 store] 
Configuration path: ?

[2019-03-31 20:09:49 #45 store] 
Database 'C:\Users\farc\Documents\NetBeansProjects\ServidorWebServices\paises.odb' is closed by 6488@DESKTOP-JRF3CHF

[2019-03-31 20:10:02 #46 store] 
Database 'C:\Users\farc\Documents\NetBeansProjects\ServidorWebServices\paises.odb' is opened by 6488@DESKTOP-JRF3CHF

[2019-03-31 20:10:02 #47 store] 
Configuration path: ?

[2019-03-31 20:10:02 #48 store] 
Database 'C:\Users\farc\Documents\NetBeansProjects\ServidorWebServices\paises.odb' is closed by 6488@DESKTOP-JRF3CHF

[2019-03-31 20:10:20 #49 store] 
Database 'C:\Users\farc\Documents\NetBeansProjects\ServidorWebServices\paises.odb' is opened by 6488@DESKTOP-JRF3CHF

[2019-03-31 20:10:20 #50 store] 
Configuration path: ?

[2019-03-31 20:10:20 #51 store] 
Database 'C:\Users\farc\Documents\NetBeansProjects\ServidorWebServices\paises.odb' is closed by 6488@DESKTOP-JRF3CHF

[2019-03-31 20:10:52 #52 store] 
Database 'C:\Users\farc\Documents\NetBeansProjects\ServidorWebServices\paises.odb' is opened by 6488@DESKTOP-JRF3CHF

[2019-03-31 20:10:52 #53 store] 
Configuration path: ?

[2019-03-31 20:10:52 #54 store] 
Database 'C:\Users\farc\Documents\NetBeansProjects\ServidorWebServices\paises.odb' is closed by 6488@DESKTOP-JRF3CHF

------------------------------------------------------------------------------------------------------------------------

[2019-03-31 20:30:55 #1 store] 
Database 'C:\Users\farc\Documents\NetBeansProjects\ServidorWebServices\paises.odb' is opened by 8324@DESKTOP-JRF3CHF

[2019-03-31 20:30:55 #2 store] 
Configuration path: ?

[2019-03-31 20:30:55 #3 type] 
Type modelos.Moneda is not enhanced.

[2019-03-31 20:30:55 #4 type] 
Type modelos.Zona is not enhanced.

[2019-03-31 20:30:55 #5 type] 
Type modelos.Pais is not enhanced.

[2019-03-31 20:30:55 #6 store] 
Database 'C:\Users\farc\Documents\NetBeansProjects\ServidorWebServices\paises.odb' is closed by 8324@DESKTOP-JRF3CHF

[2019-03-31 20:31:23 #7 store] 
Database 'C:\Users\farc\Documents\NetBeansProjects\ServidorWebServices\paises.odb' is opened by 8324@DESKTOP-JRF3CHF

[2019-03-31 20:31:23 #8 store] 
Configuration path: ?

[2019-03-31 20:31:23 #9 store] 
Database 'C:\Users\farc\Documents\NetBeansProjects\ServidorWebServices\paises.odb' is closed by 8324@DESKTOP-JRF3CHF

[2019-03-31 20:31:35 #10 store] 
Database 'C:\Users\farc\Documents\NetBeansProjects\ServidorWebServices\paises.odb' is opened by 8324@DESKTOP-JRF3CHF

[2019-03-31 20:31:35 #11 store] 
Configuration path: ?

[2019-03-31 20:31:35 #12 store] 
Database 'C:\Users\farc\Documents\NetBeansProjects\ServidorWebServices\paises.odb' is closed by 8324@DESKTOP-JRF3CHF

[2019-03-31 20:31:35 #13 store] 
Database 'C:\Users\farc\Documents\NetBeansProjects\ServidorWebServices\paises.odb' is opened by 8324@DESKTOP-JRF3CHF

[2019-03-31 20:31:35 #14 store] 
Configuration path: ?

[2019-03-31 20:31:35 #15 store] 
Database 'C:\Users\farc\Documents\NetBeansProjects\ServidorWebServices\paises.odb' is closed by 8324@DESKTOP-JRF3CHF

[2019-03-31 20:31:35 #16 store] 
Database 'C:\Users\farc\Documents\NetBeansProjects\ServidorWebServices\paises.odb' is opened by 8324@DESKTOP-JRF3CHF

[2019-03-31 20:31:35 #17 store] 
Configuration path: ?

[2019-03-31 20:31:35 #18 store] 
Database 'C:\Users\farc\Documents\NetBeansProjects\ServidorWebServices\paises.odb' is closed by 8324@DESKTOP-JRF3CHF

[2019-03-31 20:31:47 #19 store] 
Database 'C:\Users\farc\Documents\NetBeansProjects\ServidorWebServices\paises.odb' is opened by 8324@DESKTOP-JRF3CHF

[2019-03-31 20:31:47 #20 store] 
Configuration path: ?

[2019-03-31 20:31:47 #21 store] 
Database 'C:\Users\farc\Documents\NetBeansProjects\ServidorWebServices\paises.odb' is closed by 8324@DESKTOP-JRF3CHF

[2019-03-31 20:32:02 #22 store] 
Database 'C:\Users\farc\Documents\NetBeansProjects\ServidorWebServices\paises.odb' is opened by 8324@DESKTOP-JRF3CHF

[2019-03-31 20:32:02 #23 store] 
Configuration path: ?

[2019-03-31 20:32:02 #24 store] 
Database 'C:\Users\farc\Documents\NetBeansProjects\ServidorWebServices\paises.odb' is closed by 8324@DESKTOP-JRF3CHF

[2019-03-31 20:32:16 #25 store] 
Database 'C:\Users\farc\Documents\NetBeansProjects\ServidorWebServices\paises.odb' is opened by 8324@DESKTOP-JRF3CHF

[2019-03-31 20:32:16 #26 store] 
Configuration path: ?

[2019-03-31 20:32:16 #27 store] 
Database 'C:\Users\farc\Documents\NetBeansProjects\ServidorWebServices\paises.odb' is closed by 8324@DESKTOP-JRF3CHF

[2019-03-31 20:32:29 #28 store] 
Database 'C:\Users\farc\Documents\NetBeansProjects\ServidorWebServices\paises.odb' is opened by 8324@DESKTOP-JRF3CHF

[2019-03-31 20:32:29 #29 store] 
Configuration path: ?

[2019-03-31 20:32:29 #30 store] 
Database 'C:\Users\farc\Documents\NetBeansProjects\ServidorWebServices\paises.odb' is closed by 8324@DESKTOP-JRF3CHF

