------------------------------------------------------------------------------------------------------------------------

[2019-02-25 21:38:29 #1 store] 
Database '/Volumes/Datos/Usuarios/alconesp/NetBeansProjects/ServidorWebServices/paises.odb' is opened by 3025@Mac-mini-de-Alberto.local

[2019-02-25 21:38:29 #2 store] 
Configuration path: ?

------------------------------------------------------------------------------------------------------------------------

[2019-02-25 21:41:06 #1 store] 
Database '/Volumes/Datos/Usuarios/alconesp/NetBeansProjects/ServidorWebServices/paises.odb' has been recovered (tr. 1-2)

[2019-02-25 21:41:07 #2 store] 
Database '/Volumes/Datos/Usuarios/alconesp/NetBeansProjects/ServidorWebServices/paises.odb' is opened by 3413@Mac-mini-de-Alberto.local

[2019-02-25 21:41:07 #3 store] 
Configuration path: ?

------------------------------------------------------------------------------------------------------------------------

[2019-02-25 21:42:34 #1 store] 
Database '/Volumes/Datos/Usuarios/alconesp/NetBeansProjects/ServidorWebServices/paises.odb' is opened by 3458@Mac-mini-de-Alberto.local

[2019-02-25 21:42:34 #2 store] 
Configuration path: ?

------------------------------------------------------------------------------------------------------------------------

[2019-02-25 21:46:02 #1 store] 
Database '/Volumes/Datos/Usuarios/alconesp/NetBeansProjects/ServidorWebServices/paises.odb' is opened by 3566@Mac-mini-de-Alberto.local

[2019-02-25 21:46:02 #2 store] 
Configuration path: ?

[2019-02-25 21:46:02 #3 type.registry] 
New type modelos.Moneda

[2019-02-25 21:46:02 #4 type] 
Type modelos.Moneda is not enhanced.

[2019-02-25 21:46:02 #5 type.registry] 
New type modelos.Zona

[2019-02-25 21:46:02 #6 type] 
Type modelos.Zona is not enhanced.

[2019-02-25 21:46:02 #7 type.registry] 
New type modelos.Pais

[2019-02-25 21:46:02 #8 type] 
Type modelos.Pais is not enhanced.

[2019-02-25 21:46:02 #9 store] 
Database '/Volumes/Datos/Usuarios/alconesp/NetBeansProjects/ServidorWebServices/paises.odb' is closed by 3566@Mac-mini-de-Alberto.local

------------------------------------------------------------------------------------------------------------------------

[2019-02-25 21:46:40 #1 store] 
Database '/Volumes/Datos/Usuarios/alconesp/NetBeansProjects/ServidorWebServices/paises.odb' is opened by 3586@Mac-mini-de-Alberto.local

[2019-02-25 21:46:40 #2 store] 
Configuration path: ?

[2019-02-25 21:46:40 #3 type] 
Type modelos.Moneda is not enhanced.

[2019-02-25 21:46:40 #4 type] 
Type modelos.Zona is not enhanced.

[2019-02-25 21:46:40 #5 type] 
Type modelos.Pais is not enhanced.

[2019-02-25 21:46:40 #6 store] 
Database '/Volumes/Datos/Usuarios/alconesp/NetBeansProjects/ServidorWebServices/paises.odb' is closed by 3586@Mac-mini-de-Alberto.local

------------------------------------------------------------------------------------------------------------------------

[2019-02-25 21:46:44 #1 store] 
Database '/Volumes/Datos/Usuarios/alconesp/NetBeansProjects/ServidorWebServices/paises.odb' is opened by 3589@Mac-mini-de-Alberto.local

[2019-02-25 21:46:44 #2 store] 
Configuration path: ?

[2019-02-25 21:46:44 #3 type] 
Type modelos.Moneda is not enhanced.

[2019-02-25 21:46:44 #4 type] 
Type modelos.Zona is not enhanced.

[2019-02-25 21:46:44 #5 type] 
Type modelos.Pais is not enhanced.

[2019-02-25 21:46:44 #6 store] 
Database '/Volumes/Datos/Usuarios/alconesp/NetBeansProjects/ServidorWebServices/paises.odb' is closed by 3589@Mac-mini-de-Alberto.local

------------------------------------------------------------------------------------------------------------------------

[2019-02-25 21:46:55 #1 store] 
Database '/Volumes/Datos/Usuarios/alconesp/NetBeansProjects/ServidorWebServices/paises.odb' is opened by 3595@Mac-mini-de-Alberto.local

[2019-02-25 21:46:55 #2 store] 
Configuration path: ?

[2019-02-25 21:46:55 #3 type] 
Type modelos.Moneda is not enhanced.

[2019-02-25 21:46:55 #4 type] 
Type modelos.Zona is not enhanced.

[2019-02-25 21:46:55 #5 type] 
Type modelos.Pais is not enhanced.

[2019-02-25 21:47:12 #6 store] 
Database '/Volumes/Datos/Usuarios/alconesp/NetBeansProjects/ServidorWebServices/paises.odb' is closed by 3595@Mac-mini-de-Alberto.local

------------------------------------------------------------------------------------------------------------------------

[2019-02-25 21:47:43 #1 store] 
Database '/Volumes/Datos/Usuarios/alconesp/NetBeansProjects/ServidorWebServices/paises.odb' is opened by 3622@Mac-mini-de-Alberto.local

[2019-02-25 21:47:43 #2 store] 
Configuration path: ?

[2019-02-25 21:47:44 #3 type.registry] 
New type modelos.Moneda

[2019-02-25 21:47:44 #4 type] 
Type modelos.Moneda is not enhanced.

[2019-02-25 21:47:44 #5 type.registry] 
New type modelos.Zona

[2019-02-25 21:47:44 #6 type] 
Type modelos.Zona is not enhanced.

[2019-02-25 21:47:44 #7 type.registry] 
New type modelos.Pais

[2019-02-25 21:47:44 #8 type] 
Type modelos.Pais is not enhanced.

[2019-02-25 21:47:44 #9 store] 
Database '/Volumes/Datos/Usuarios/alconesp/NetBeansProjects/ServidorWebServices/paises.odb' is closed by 3622@Mac-mini-de-Alberto.local

------------------------------------------------------------------------------------------------------------------------

[2019-02-25 21:47:50 #1 store] 
Database '/Volumes/Datos/Usuarios/alconesp/NetBeansProjects/ServidorWebServices/paises.odb' is opened by 3629@Mac-mini-de-Alberto.local

[2019-02-25 21:47:50 #2 store] 
Configuration path: ?

[2019-02-25 21:47:50 #3 type] 
Type modelos.Moneda is not enhanced.

[2019-02-25 21:47:50 #4 type] 
Type modelos.Zona is not enhanced.

[2019-02-25 21:47:50 #5 type] 
Type modelos.Pais is not enhanced.

[2019-02-25 21:47:50 #6 store] 
Database '/Volumes/Datos/Usuarios/alconesp/NetBeansProjects/ServidorWebServices/paises.odb' is closed by 3629@Mac-mini-de-Alberto.local

------------------------------------------------------------------------------------------------------------------------

[2019-02-25 21:48:04 #1 store] 
Database '/Volumes/Datos/Usuarios/alconesp/NetBeansProjects/ServidorWebServices/paises.odb' is opened by 3637@Mac-mini-de-Alberto.local

[2019-02-25 21:48:04 #2 store] 
Configuration path: ?

[2019-02-25 21:48:05 #3 type] 
Type modelos.Moneda is not enhanced.

[2019-02-25 21:48:05 #4 type] 
Type modelos.Zona is not enhanced.

[2019-02-25 21:48:05 #5 type] 
Type modelos.Pais is not enhanced.

[2019-02-25 21:48:51 #6 store] 
Database '/Volumes/Datos/Usuarios/alconesp/NetBeansProjects/ServidorWebServices/paises.odb' is closed by 3637@Mac-mini-de-Alberto.local

------------------------------------------------------------------------------------------------------------------------

[2019-02-25 21:49:34 #1 store] 
Database '/Volumes/Datos/Usuarios/alconesp/NetBeansProjects/ServidorWebServices/paises.odb' is opened by 3668@Mac-mini-de-Alberto.local

[2019-02-25 21:49:34 #2 store] 
Configuration path: ?

[2019-02-25 21:49:34 #3 type] 
Type modelos.Moneda is not enhanced.

[2019-02-25 21:49:34 #4 type] 
Type modelos.Zona is not enhanced.

[2019-02-25 21:49:34 #5 type] 
Type modelos.Pais is not enhanced.

[2019-02-25 21:49:34 #6 store] 
Database '/Volumes/Datos/Usuarios/alconesp/NetBeansProjects/ServidorWebServices/paises.odb' is closed by 3668@Mac-mini-de-Alberto.local

------------------------------------------------------------------------------------------------------------------------

[2019-02-25 21:49:36 #1 store] 
Database '/Volumes/Datos/Usuarios/alconesp/NetBeansProjects/ServidorWebServices/paises.odb' is opened by 3669@Mac-mini-de-Alberto.local

[2019-02-25 21:49:36 #2 store] 
Configuration path: ?

[2019-02-25 21:49:36 #3 type] 
Type modelos.Moneda is not enhanced.

[2019-02-25 21:49:36 #4 type] 
Type modelos.Zona is not enhanced.

[2019-02-25 21:49:36 #5 type] 
Type modelos.Pais is not enhanced.

[2019-02-25 21:49:36 #6 store] 
Database '/Volumes/Datos/Usuarios/alconesp/NetBeansProjects/ServidorWebServices/paises.odb' is closed by 3669@Mac-mini-de-Alberto.local

------------------------------------------------------------------------------------------------------------------------

[2019-02-25 22:05:58 #1 store] 
Database '/Volumes/Datos/Usuarios/alconesp/NetBeansProjects/ServidorWebServices/paises.odb' is opened by 4138@Mac-mini-de-Alberto.local

[2019-02-25 22:05:58 #2 store] 
Configuration path: ?

[2019-02-25 22:05:58 #3 type] 
Type modelos.Moneda is not enhanced.

[2019-02-25 22:05:58 #4 type] 
Type modelos.Zona is not enhanced.

[2019-02-25 22:05:58 #5 type] 
Type modelos.Pais is not enhanced.

[2019-02-25 22:05:58 #6 store] 
Database '/Volumes/Datos/Usuarios/alconesp/NetBeansProjects/ServidorWebServices/paises.odb' is closed by 4138@Mac-mini-de-Alberto.local

------------------------------------------------------------------------------------------------------------------------

[2019-02-25 22:15:16 #1 store] 
Database '/Volumes/Datos/Usuarios/alconesp/NetBeansProjects/ServidorWebServices/paises.odb' is opened by 4434@Mac-mini-de-Alberto.local

[2019-02-25 22:15:16 #2 store] 
Configuration path: ?

[2019-02-25 22:15:16 #3 type] 
Type modelos.Moneda is not enhanced.

[2019-02-25 22:15:16 #4 type] 
Type modelos.Zona is not enhanced.

[2019-02-25 22:15:16 #5 type] 
Type modelos.Pais is not enhanced.

[2019-02-25 22:15:16 #6 store] 
Database '/Volumes/Datos/Usuarios/alconesp/NetBeansProjects/ServidorWebServices/paises.odb' is closed by 4434@Mac-mini-de-Alberto.local

[2019-02-25 22:18:45 #7 store] 
Database '/Volumes/Datos/Usuarios/alconesp/NetBeansProjects/ServidorWebServices/paises.odb' is opened by 4434@Mac-mini-de-Alberto.local

[2019-02-25 22:18:45 #8 store] 
Configuration path: ?

[2019-02-25 22:18:45 #9 store] 
Database '/Volumes/Datos/Usuarios/alconesp/NetBeansProjects/ServidorWebServices/paises.odb' is closed by 4434@Mac-mini-de-Alberto.local

------------------------------------------------------------------------------------------------------------------------

[2019-02-25 22:26:17 #1 store] 
Database '/Volumes/Datos/Usuarios/alconesp/NetBeansProjects/ServidorWebServices/paises.odb' is opened by 4775@Mac-mini-de-Alberto.local

[2019-02-25 22:26:17 #2 store] 
Configuration path: ?

[2019-02-25 22:26:17 #3 type] 
Type modelos.Moneda is not enhanced.

[2019-02-25 22:26:17 #4 type] 
Type modelos.Zona is not enhanced.

[2019-02-25 22:26:17 #5 type] 
Type modelos.Pais is not enhanced.

[2019-02-25 22:26:17 #6 store] 
Database '/Volumes/Datos/Usuarios/alconesp/NetBeansProjects/ServidorWebServices/paises.odb' is closed by 4775@Mac-mini-de-Alberto.local

[2019-02-25 22:26:30 #7 store] 
Database '/Volumes/Datos/Usuarios/alconesp/NetBeansProjects/ServidorWebServices/paises.odb' is opened by 4775@Mac-mini-de-Alberto.local

[2019-02-25 22:26:30 #8 store] 
Configuration path: ?

[2019-02-25 22:26:30 #9 store] 
Database '/Volumes/Datos/Usuarios/alconesp/NetBeansProjects/ServidorWebServices/paises.odb' is closed by 4775@Mac-mini-de-Alberto.local

------------------------------------------------------------------------------------------------------------------------

[2019-02-25 22:31:10 #1 store] 
Database '/Volumes/Datos/Usuarios/alconesp/NetBeansProjects/ServidorWebServices/paises.odb' is opened by 4955@Mac-mini-de-Alberto.local

[2019-02-25 22:31:10 #2 store] 
Configuration path: ?

[2019-02-25 22:31:10 #3 type] 
Type modelos.Moneda is not enhanced.

[2019-02-25 22:31:10 #4 type] 
Type modelos.Zona is not enhanced.

[2019-02-25 22:31:10 #5 type] 
Type modelos.Pais is not enhanced.

[2019-02-25 22:31:11 #6 store] 
Database '/Volumes/Datos/Usuarios/alconesp/NetBeansProjects/ServidorWebServices/paises.odb' is closed by 4955@Mac-mini-de-Alberto.local

[2019-02-25 22:31:30 #7 store] 
Database '/Volumes/Datos/Usuarios/alconesp/NetBeansProjects/ServidorWebServices/paises.odb' is opened by 4955@Mac-mini-de-Alberto.local

[2019-02-25 22:31:30 #8 store] 
Configuration path: ?

[2019-02-25 22:31:30 #9 store] 
Database '/Volumes/Datos/Usuarios/alconesp/NetBeansProjects/ServidorWebServices/paises.odb' is closed by 4955@Mac-mini-de-Alberto.local

